

<!DOCTYPE html>
<html>
<head>
<meta charset="UTF-8">
<meta name="viewport" content="width=device-width, initial-scale=1, shrink-to-fit=no">
<title></title>
<link rel="apple-touch-icon" href="https://cdn.jsdelivr.net/gh/extent-framework/extent-github-cdn@b00a2d0486596e73dd7326beacf352c639623a0e/commons/img/logo.png">
<link rel="shortcut icon" href="https://cdn.jsdelivr.net/gh/extent-framework/extent-github-cdn@b00a2d0486596e73dd7326beacf352c639623a0e/commons/img/logo.png">
<link href="https://cdn.jsdelivr.net/gh/extent-framework/extent-github-cdn@d6562a79075e061305ccfdb82f01e5e195e2d307/spark/css/spark-style.css" rel="stylesheet" />
<link href="https://stackpath.bootstrapcdn.com/font-awesome/4.7.0/css/font-awesome.min.css" rel="stylesheet">
<script src="https://cdn.jsdelivr.net/gh/extent-framework/extent-github-cdn@7cc78ce/spark/js/jsontree.js"></script>
<style type="text/css"></style></head><body class="spa bdd-report standard">
  <div class="app">
    <div class="layout">
<div class="header navbar">
<div class="vheader">
<div class="nav-logo">
<a href="#">
<div class="logo" style="background-image: url('https://cdn.jsdelivr.net/gh/extent-framework/extent-github-cdn@b00a2d0486596e73dd7326beacf352c639623a0e/commons/img/logo.png')"></div>
</a>
</div>
<ul class="nav-left">
<li class="search-box">
<a class="search-toggle" href="#">
<i class="search-icon fa fa-search"></i>
<i class="search-icon-close fa fa-close"></i>
</a>
</li>
<li class="search-input"><input id="search-tests" class="form-control" type="text" placeholder="Search..."></li>
</ul>
<ul class="nav-right">
<li class="m-r-10">
<a href="#"><span class="badge badge-primary"></span></a>
</li>
<li class="m-r-10">
<a href="#"><span class="badge badge-primary">May 18, 2022 05:58:23 PM</span></a>
</li>
</ul>
</div>
</div><div class="side-nav">
<div class="side-nav-inner">
<ul class="side-nav-menu">
<li class="nav-item dropdown" onclick="toggleView('test-view')">
<a id="nav-test" class="dropdown-toggle" href="#">
<span class="ico"><i class="fa fa-list"></i></span>
</a>
</li>
<li class="nav-item dropdown" onclick="toggleView('exception-view')">
<a id="nav-exception" class="dropdown-toggle" href="#">
<span class="ico"><i class="fa fa-bug"></i></span>
</a>
</li>
<li class="nav-item dropdown" onclick="toggleView('category-view')">
<a id="nav-category" class="dropdown-toggle" href="#">
<span class="ico"><i class="fa fa-tag"></i></span>
</a>
</li>
<li class="nav-item dropdown" onclick="toggleView('dashboard-view')">
<a id="nav-dashboard" class="dropdown-toggle" href="#">
<span class="ico"><i class="fa fa-bar-chart"></i></span>
</a>
</li>
</ul>
</div>
</div>      <div class="vcontainer">
        <div class="main-content">
<div class="test-wrapper row view test-view">
  <div class="test-list">
    <div class="test-list-tools">
<ul class="tools pull-left">
<li><a href="#"><span class="font-size-14">Tests</span></a></li>
</ul>
<ul class="tools text-right">
<li class="dropdown">
<a href="#" class="dropdown-toggle" data-toggle="dropdown"><i class="fa fa-exclamation-circle"></i></a>
<ul id="status-toggle" class="dropdown-menu dropdown-md p-v-0">
<a class="dropdown-item" status="pass" href="#"><span>Pass</span><span class="status success"></span></a>
<a class="dropdown-item" status="fail" href="#"><span>Fail</span><span class="status danger"></span></a>
<div class="dropdown-divider"></div>
<a status="clear" class="dropdown-item" href="#"><span>Clear</span><span class="pull-right"><i class="fa fa-close"></i></span></a>
</ul>
</li>
<li class="dropdown">
<a href="#" class="dropdown-toggle" data-toggle="dropdown"><i class="fa fa-tag"></i></a>
<ul id="tag-toggle" class="dropdown-menu dropdown-md p-v-0">
<a class="dropdown-item" href="#">@build</a><a class="dropdown-item" href="#">@NegativeTest</a><a class="dropdown-item" href="#">@PositiveTest</a>
</ul>
</li>
</ul>
</div>    <div class="test-list-wrapper scrollable">
      <ul class="test-list-item">
        <li class="test-item"  status="pass" test-id="1"
          author=""
          tag=""
          device="">
          <div class="test-detail">
            <p class="name">Testing the Checkout Feature</p>
            <p class="text-sm">
              <span>5:58:27 PM</span> / <span>00:00:24:615</span>
              <span class="badge pass-bg log float-right">Pass</span>
            </p>
          </div>
          <div class="test-contents d-none">
<div class="detail-head">
<div class="p-v-10">
<div class="info">
<h5 class="test-status text-pass">Testing the Checkout Feature</h5>
<span class='badge badge-success'>05.18.2022 5:58:27 PM</span>
<span class='badge badge-danger'>05.18.2022 5:58:52 PM</span>
<span class='badge badge-default'>00:00:24:615</span>
&middot; <span class='uri-anchor badge badge-default'>#test-id=1</span>
<span class='badge badge-default pointer float-right ml-1 et'><i class="fa fa-chevron-down"></i></span>
<span class='badge badge-default pointer float-right ct'><i class="fa fa-chevron-up"></i></span>
</div>
<div class="m-t-10 m-l-5"></div>
</div>
</div>
<div class="accordion mt-4">
  <div class="card">
    <div class="card-header" role="tab">
      <div class="card-title">
        <div class="node" id="2"><span class="badge log pass-bg mr-2">Pass</span>Testing the Shopping cart and Add to cart option</div>
      </div>
    </div>
        <div class="scenario_outline collapse">
            <div class="card-body l1">
              <div class="card-header">
                <div class="card-title outline-child">
                  <div class="node" id="3"><span class="badge log pass-bg mr-2">Pass</span>Testing the Shopping cart and Add to cart option</div>
                </div>
              </div>
              <div class="card-body mt-3 collapse">
                  <div class="step pass-bg">
                    <span>Given Open the Application  and select the Mens section</span>
      <div>
      </div>
                  </div>
                  <div class="step pass-bg">
                    <span>When Selecting the Basic Blue Jeans of 10 quantity  in the mens section</span>
      <div>
      </div>
                  </div>
                  <div class="step pass-bg">
                    <span>Then 10 item Should added to the Shopping cart</span>
      <div>
      </div>
                  </div>
                  <div class="step pass-bg">
                    <span>And Price should be multiple of 10</span>
      <div>
      </div>
                  </div>
              </div>
            </div>
        </div>
  </div>
</div>
          </div>
        </li>
        <li class="test-item"  status="fail" test-id="10"
          author=""
          tag=""
          device="">
          <div class="test-detail">
            <p class="name">Testing the Registration Page</p>
            <p class="text-sm">
              <span>5:58:52 PM</span> / <span>00:00:24:569</span>
              <span class="badge fail-bg log float-right">Fail</span>
            </p>
          </div>
          <div class="test-contents d-none">
<div class="detail-head">
<div class="p-v-10">
<div class="info">
<h5 class="test-status text-fail">Testing the Registration Page</h5>
<span class='badge badge-success'>05.18.2022 5:58:52 PM</span>
<span class='badge badge-danger'>05.18.2022 5:59:17 PM</span>
<span class='badge badge-default'>00:00:24:569</span>
&middot; <span class='uri-anchor badge badge-default'>#test-id=10</span>
<span class='badge badge-default pointer float-right ml-1 et'><i class="fa fa-chevron-down"></i></span>
<span class='badge badge-default pointer float-right ct'><i class="fa fa-chevron-up"></i></span>
</div>
<div class="m-t-10 m-l-5"></div>
</div>
</div>
<div class="accordion mt-4">
  <div class="card">
    <div class="card-header" role="tab">
      <div class="card-title">
        <div class="node" id="11"><span class="badge log pass-bg mr-2">Pass</span>Make a user Registration page without entering the values</div>
      </div>
    </div>
        <div class="scenario_outline collapse">
            <div class="card-body l1">
              <div class="card-header">
                <div class="card-title outline-child">
                  <div class="node" id="12"><span class="badge log pass-bg mr-2">Pass</span>Make a user Registration page without entering the values</div>
                </div>
              </div>
              <div class="card-body mt-3 collapse">
                  <div class="step pass-bg">
                    <span>Given I click the Account tab Registration Page should display</span>
      <div>
      </div>
                  </div>
                  <div class="step pass-bg">
                    <span>When Click Register button without entering any value</span>
      <div>
      </div>
                  </div>
                  <div class="step pass-bg">
                    <span>Then An error message "Error: Please provide a valid email address." Should display</span>
      <div>
      </div>
                  </div>
              </div>
            </div>
        </div>
  </div>
  <div class="card">
    <div class="card-header" role="tab">
      <div class="card-title">
        <div class="node" id="18"><span class="badge log pass-bg mr-2">Pass</span>Make a user Registration by entering just username</div>
      </div>
    </div>
        <div class="scenario_outline collapse">
            <div class="card-body l1">
              <div class="card-header">
                <div class="card-title outline-child">
                  <div class="node" id="19"><span class="badge log pass-bg mr-2">Pass</span>Make a user Registration by entering just username</div>
                </div>
              </div>
              <div class="card-body mt-3 collapse">
                  <div class="step pass-bg">
                    <span>Given I click the Account tab Registration Page should display</span>
      <div>
      </div>
                  </div>
                  <div class="step pass-bg">
                    <span>When Click Register button after entering a sample userName and leaving mail and password empty</span>
      <div>
      </div>
                  </div>
                  <div class="step pass-bg">
                    <span>Then An error message "Error: Please provide a valid email address." Should display</span>
      <div>
      </div>
                  </div>
              </div>
            </div>
        </div>
  </div>
  <div class="card">
    <div class="card-header" role="tab">
      <div class="card-title">
        <div class="node" id="25"><span class="badge log pass-bg mr-2">Pass</span>Make a user Registration by entering just emailAddress</div>
      </div>
    </div>
        <div class="scenario_outline collapse">
            <div class="card-body l1">
              <div class="card-header">
                <div class="card-title outline-child">
                  <div class="node" id="26"><span class="badge log pass-bg mr-2">Pass</span>Make a user Registration by entering just emailAddress</div>
                </div>
              </div>
              <div class="card-body mt-3 collapse">
                  <div class="step pass-bg">
                    <span>Given I click the Account tab Registration Page should display</span>
      <div>
      </div>
                  </div>
                  <div class="step pass-bg">
                    <span>When Click Register button after entering a sample emailAddress and leaving userName and password empty</span>
      <div>
      </div>
                  </div>
                  <div class="step pass-bg">
                    <span>Then An error message "Error: Please enter a valid account username." Should display</span>
      <div>
      </div>
                  </div>
              </div>
            </div>
        </div>
  </div>
  <div class="card">
    <div class="card-header" role="tab">
      <div class="card-title">
        <div class="node" id="32"><span class="badge log pass-bg mr-2">Pass</span>Make a user Registration by entering valid emailAddress and valid userName and empty password</div>
      </div>
    </div>
        <div class="scenario_outline collapse">
            <div class="card-body l1">
              <div class="card-header">
                <div class="card-title outline-child">
                  <div class="node" id="33"><span class="badge log pass-bg mr-2">Pass</span>Make a user Registration by entering valid emailAddress and valid userName and empty password</div>
                </div>
              </div>
              <div class="card-body mt-3 collapse">
                  <div class="step pass-bg">
                    <span>Given I click the Account tab Registration Page should display</span>
      <div>
      </div>
                  </div>
                  <div class="step pass-bg">
                    <span>When Click Register button after entering a sample valid emailAddress valid emailAddress and valid userName by leaving the password field empty</span>
      <div>
      </div>
                  </div>
                  <div class="step pass-bg">
                    <span>Then An error message "Error: Please enter an account password." Should display</span>
      <div>
      </div>
                  </div>
              </div>
            </div>
        </div>
  </div>
  <div class="card">
    <div class="card-header" role="tab">
      <div class="card-title">
        <div class="node" id="39"><span class="badge log pass-bg mr-2">Pass</span>Make a user Registration with existing username and unregistered email id</div>
      </div>
    </div>
        <div class="scenario_outline collapse">
            <div class="card-body l1">
              <div class="card-header">
                <div class="card-title outline-child">
                  <div class="node" id="40"><span class="badge log pass-bg mr-2">Pass</span>Make a user Registration with existing username and unregistered email id</div>
                </div>
              </div>
              <div class="card-body mt-3 collapse">
                  <div class="step pass-bg">
                    <span>Given I click the Account tab Registration Page should display</span>
      <div>
      </div>
                  </div>
                  <div class="step pass-bg">
                    <span>When Click Register button after entering an already registered user name and unregistered email id</span>
      <div>
      </div>
                  </div>
                  <div class="step pass-bg">
                    <span>Then An error message "Error: An account is already registered with that username. Please choose another." Should display</span>
      <div>
      </div>
                  </div>
              </div>
            </div>
        </div>
  </div>
  <div class="card">
    <div class="card-header" role="tab">
      <div class="card-title">
        <div class="node" id="46"><span class="badge log pass-bg mr-2">Pass</span>Make a user Registration with new username and already registered email id</div>
      </div>
    </div>
        <div class="scenario_outline collapse">
            <div class="card-body l1">
              <div class="card-header">
                <div class="card-title outline-child">
                  <div class="node" id="47"><span class="badge log pass-bg mr-2">Pass</span>Make a user Registration with new username and already registered email id</div>
                </div>
              </div>
              <div class="card-body mt-3 collapse">
                  <div class="step pass-bg">
                    <span>Given I click the Account tab Registration Page should display</span>
      <div>
      </div>
                  </div>
                  <div class="step pass-bg">
                    <span>When Click Register button after entering an already registered email id and new username</span>
      <div>
      </div>
                  </div>
                  <div class="step pass-bg">
                    <span>Then An error message "Error: An account is already registered with your email address. Please log in." Should display</span>
      <div>
      </div>
                  </div>
              </div>
            </div>
        </div>
  </div>
  <div class="card">
    <div class="card-header" role="tab">
      <div class="card-title">
        <div class="node" id="53"><span class="badge log fail-bg mr-2">Fail</span>Make a user Registration with new username and new registered email id</div>
      </div>
    </div>
        <div class="">
          <div class="card-body">
              <div class="step pass-bg" title="com.automation.framework.cucumber.stepdefinations.RegistrationPageTest.i_click_the_account_tab_registration_page_should_display()">
                <span>Given I click the Account tab Registration Page should display</span>
      <div>
      </div>
              </div>
              <div class="step pass-bg" title="com.automation.framework.cucumber.stepdefinations.RegistrationPageTest.click_register_button_after_entering_a_new_email_id_and_new_username()">
                <span>When Click Register button after entering a new email id and new username</span>
      <div>
      </div>
              </div>
              <div class="step fail-bg" title="com.automation.framework.cucumber.stepdefinations.RegistrationPageTest.an_hello_message_should_display_after_successful_registration_in_account_dashboard_page()">
                <span>Then An Hello Message should display after successful registration in Account Dashboard page</span>
      <div>
        <textarea disabled class="code-block">java.lang.AssertionError: expected [true] but found [false]
	at org.testng.Assert.fail(Assert.java:110)
	at org.testng.Assert.failNotEquals(Assert.java:1413)
	at org.testng.Assert.assertTrue(Assert.java:56)
	at org.testng.Assert.assertTrue(Assert.java:66)
	at com.automation.framework.cucumber.stepdefinations.RegistrationPageTest.an_hello_message_should_display_after_successful_registration_in_account_dashboard_page(RegistrationPageTest.java:91)
	at ✽.An Hello Message should display after successful registration in Account Dashboard page(file:///D:/Dinesh/CucumberFramwork/CucumberFramework/src/test/java/com/automation/framework/cucumber/feature/Registration.feature:82)
</textarea>
      
      </div>
              </div>
          </div>
        </div>
  </div>
</div>
          </div>
        </li>
        <li class="test-item"  status="fail" test-id="59"
          author=""
          tag=""
          device="">
          <div class="test-detail">
            <p class="name">Testing the Login Page</p>
            <p class="text-sm">
              <span>5:59:17 PM</span> / <span>00:00:02:995</span>
              <span class="badge fail-bg log float-right">Fail</span>
            </p>
          </div>
          <div class="test-contents d-none">
<div class="detail-head">
<div class="p-v-10">
<div class="info">
<h5 class="test-status text-fail">Testing the Login Page</h5>
<span class='badge badge-success'>05.18.2022 5:59:17 PM</span>
<span class='badge badge-danger'>05.18.2022 5:59:20 PM</span>
<span class='badge badge-default'>00:00:02:995</span>
&middot; <span class='uri-anchor badge badge-default'>#test-id=59</span>
<span class='badge badge-default pointer float-right ml-1 et'><i class="fa fa-chevron-down"></i></span>
<span class='badge badge-default pointer float-right ct'><i class="fa fa-chevron-up"></i></span>
</div>
<div class="m-t-10 m-l-5"></div>
</div>
</div>
<div class="accordion mt-4">
  <div class="card">
    <div class="card-header" role="tab">
      <div class="card-title">
        <div class="node" id="60"><span class="badge log fail-bg mr-2">Fail</span>Testing the Login Page without passing credentials</div>
      </div>
    </div>
        <div class="">
          <div class="card-body">
              <div class="step fail-bg" title="com.automation.framework.cucumber.stepdefinations.SignInTest.i_have_opened_the_application()">
                <span>Given I have opened the application</span>
      <div>
        <textarea disabled class="code-block">org.openqa.selenium.NoSuchElementException: no such element: Unable to locate element: {"method":"xpath","selector":"//input[@id='username']"}
  (Session info: chrome=101.0.4951.67)
For documentation on this error, please visit: https://selenium.dev/exceptions/#no_such_element
Build info: version: '4.1.4', revision: '535d840ee2'
System info: host: 'HOMEDELL', ip: '192.168.1.12', os.name: 'Windows 10', os.arch: 'amd64', os.version: '10.0', java.version: '11.0.13'
Driver info: org.openqa.selenium.chrome.ChromeDriver
Command: [4cc6aecc4f9bf9a753f48e38562952dd, findElement {using=xpath, value=//input[@id='username']}]
Capabilities {acceptInsecureCerts: false, browserName: chrome, browserVersion: 101.0.4951.67, chrome: {chromedriverVersion: 101.0.4951.41 (93c720db8323..., userDataDir: C:\Users\chekr\AppData\Loca...}, goog:chromeOptions: {debuggerAddress: localhost:64978}, javascriptEnabled: true, networkConnectionEnabled: false, pageLoadStrategy: normal, platform: WINDOWS, platformName: WINDOWS, proxy: Proxy(), se:cdp: ws://localhost:64978/devtoo..., se:cdpVersion: 101.0.4951.67, setWindowRect: true, strictFileInteractability: false, timeouts: {implicit: 0, pageLoad: 300000, script: 30000}, unhandledPromptBehavior: dismiss and notify, webauthn:extension:credBlob: true, webauthn:extension:largeBlob: true, webauthn:virtualAuthenticators: true}
Session ID: 4cc6aecc4f9bf9a753f48e38562952dd
	at java.base/jdk.internal.reflect.NativeConstructorAccessorImpl.newInstance0(Native Method)
	at java.base/jdk.internal.reflect.NativeConstructorAccessorImpl.newInstance(NativeConstructorAccessorImpl.java:62)
	at java.base/jdk.internal.reflect.DelegatingConstructorAccessorImpl.newInstance(DelegatingConstructorAccessorImpl.java:45)
	at java.base/java.lang.reflect.Constructor.newInstance(Constructor.java:490)
	at org.openqa.selenium.remote.codec.w3c.W3CHttpResponseCodec.createException(W3CHttpResponseCodec.java:200)
	at org.openqa.selenium.remote.codec.w3c.W3CHttpResponseCodec.decode(W3CHttpResponseCodec.java:133)
	at org.openqa.selenium.remote.codec.w3c.W3CHttpResponseCodec.decode(W3CHttpResponseCodec.java:53)
	at org.openqa.selenium.remote.HttpCommandExecutor.execute(HttpCommandExecutor.java:184)
	at org.openqa.selenium.remote.service.DriverCommandExecutor.invokeExecute(DriverCommandExecutor.java:167)
	at org.openqa.selenium.remote.service.DriverCommandExecutor.execute(DriverCommandExecutor.java:142)
	at org.openqa.selenium.remote.RemoteWebDriver.execute(RemoteWebDriver.java:567)
	at org.openqa.selenium.remote.ElementLocation$ElementFinder$2.findElement(ElementLocation.java:162)
	at org.openqa.selenium.remote.ElementLocation.findElement(ElementLocation.java:60)
	at org.openqa.selenium.remote.RemoteWebDriver.findElement(RemoteWebDriver.java:385)
	at org.openqa.selenium.remote.RemoteWebDriver.findElement(RemoteWebDriver.java:377)
	at org.openqa.selenium.support.pagefactory.DefaultElementLocator.findElement(DefaultElementLocator.java:70)
	at org.openqa.selenium.support.pagefactory.internal.LocatingElementHandler.invoke(LocatingElementHandler.java:39)
	at com.sun.proxy.$Proxy30.getWrappedElement(Unknown Source)
	at org.openqa.selenium.remote.internal.WebElementToJsonConverter.apply(WebElementToJsonConverter.java:51)
	at java.base/java.util.stream.ReferencePipeline$3$1.accept(ReferencePipeline.java:195)
	at java.base/java.util.Spliterators$ArraySpliterator.forEachRemaining(Spliterators.java:948)
	at java.base/java.util.stream.AbstractPipeline.copyInto(AbstractPipeline.java:484)
	at java.base/java.util.stream.AbstractPipeline.wrapAndCopyInto(AbstractPipeline.java:474)
	at java.base/java.util.stream.ReduceOps$ReduceOp.evaluateSequential(ReduceOps.java:913)
	at java.base/java.util.stream.AbstractPipeline.evaluate(AbstractPipeline.java:234)
	at java.base/java.util.stream.ReferencePipeline.collect(ReferencePipeline.java:578)
	at org.openqa.selenium.remote.RemoteWebDriver.executeScript(RemoteWebDriver.java:498)
	at com.automation.framework.cucumber.Pages.BasePage.highlight(BasePage.java:58)
	at com.automation.framework.cucumber.Pages.LoginPage.getUserNameTextBox(LoginPage.java:55)
	at com.automation.framework.cucumber.stepdefinations.SignInTest.i_have_opened_the_application(SignInTest.java:22)
	at ✽.I have opened the application(file:///D:/Dinesh/CucumberFramwork/CucumberFramework/src/test/java/com/automation/framework/cucumber/feature/SignIn.feature:4)
</textarea>
      
      </div>
              </div>
              <div class="step skip-bg" title="com.automation.framework.cucumber.stepdefinations.SignInTest.click_login_without_passing_username_and_password()">
                <span>When Click Login without passing username and password</span>
      <div>Step skipped
      </div>
              </div>
              <div class="step skip-bg" title="com.automation.framework.cucumber.stepdefinations.SignInTest.we_need_to_get_the_error_message(java.lang.String)">
                <span>Then We need to get the 'Error: Username is required.' error message</span>
      <div>Step skipped
      </div>
              </div>
          </div>
        </div>
  </div>
  <div class="card">
    <div class="card-header" role="tab">
      <div class="card-title">
        <div class="node" id="66"><span class="badge log fail-bg mr-2">Fail</span>Testing the Login Page by passing the valid username and empty password</div>
      </div>
    </div>
        <div class="">
          <div class="card-body">
              <div class="step fail-bg" title="com.automation.framework.cucumber.stepdefinations.SignInTest.i_have_opened_the_application()">
                <span>Given I have opened the application</span>
      <div>
        <textarea disabled class="code-block">org.openqa.selenium.NoSuchElementException: no such element: Unable to locate element: {"method":"xpath","selector":"//input[@id='username']"}
  (Session info: chrome=101.0.4951.67)
For documentation on this error, please visit: https://selenium.dev/exceptions/#no_such_element
Build info: version: '4.1.4', revision: '535d840ee2'
System info: host: 'HOMEDELL', ip: '192.168.1.12', os.name: 'Windows 10', os.arch: 'amd64', os.version: '10.0', java.version: '11.0.13'
Driver info: org.openqa.selenium.chrome.ChromeDriver
Command: [4cc6aecc4f9bf9a753f48e38562952dd, findElement {using=xpath, value=//input[@id='username']}]
Capabilities {acceptInsecureCerts: false, browserName: chrome, browserVersion: 101.0.4951.67, chrome: {chromedriverVersion: 101.0.4951.41 (93c720db8323..., userDataDir: C:\Users\chekr\AppData\Loca...}, goog:chromeOptions: {debuggerAddress: localhost:64978}, javascriptEnabled: true, networkConnectionEnabled: false, pageLoadStrategy: normal, platform: WINDOWS, platformName: WINDOWS, proxy: Proxy(), se:cdp: ws://localhost:64978/devtoo..., se:cdpVersion: 101.0.4951.67, setWindowRect: true, strictFileInteractability: false, timeouts: {implicit: 0, pageLoad: 300000, script: 30000}, unhandledPromptBehavior: dismiss and notify, webauthn:extension:credBlob: true, webauthn:extension:largeBlob: true, webauthn:virtualAuthenticators: true}
Session ID: 4cc6aecc4f9bf9a753f48e38562952dd
	at java.base/jdk.internal.reflect.NativeConstructorAccessorImpl.newInstance0(Native Method)
	at java.base/jdk.internal.reflect.NativeConstructorAccessorImpl.newInstance(NativeConstructorAccessorImpl.java:62)
	at java.base/jdk.internal.reflect.DelegatingConstructorAccessorImpl.newInstance(DelegatingConstructorAccessorImpl.java:45)
	at java.base/java.lang.reflect.Constructor.newInstance(Constructor.java:490)
	at org.openqa.selenium.remote.codec.w3c.W3CHttpResponseCodec.createException(W3CHttpResponseCodec.java:200)
	at org.openqa.selenium.remote.codec.w3c.W3CHttpResponseCodec.decode(W3CHttpResponseCodec.java:133)
	at org.openqa.selenium.remote.codec.w3c.W3CHttpResponseCodec.decode(W3CHttpResponseCodec.java:53)
	at org.openqa.selenium.remote.HttpCommandExecutor.execute(HttpCommandExecutor.java:184)
	at org.openqa.selenium.remote.service.DriverCommandExecutor.invokeExecute(DriverCommandExecutor.java:167)
	at org.openqa.selenium.remote.service.DriverCommandExecutor.execute(DriverCommandExecutor.java:142)
	at org.openqa.selenium.remote.RemoteWebDriver.execute(RemoteWebDriver.java:567)
	at org.openqa.selenium.remote.ElementLocation$ElementFinder$2.findElement(ElementLocation.java:162)
	at org.openqa.selenium.remote.ElementLocation.findElement(ElementLocation.java:60)
	at org.openqa.selenium.remote.RemoteWebDriver.findElement(RemoteWebDriver.java:385)
	at org.openqa.selenium.remote.RemoteWebDriver.findElement(RemoteWebDriver.java:377)
	at org.openqa.selenium.support.pagefactory.DefaultElementLocator.findElement(DefaultElementLocator.java:70)
	at org.openqa.selenium.support.pagefactory.internal.LocatingElementHandler.invoke(LocatingElementHandler.java:39)
	at com.sun.proxy.$Proxy30.getWrappedElement(Unknown Source)
	at org.openqa.selenium.remote.internal.WebElementToJsonConverter.apply(WebElementToJsonConverter.java:51)
	at java.base/java.util.stream.ReferencePipeline$3$1.accept(ReferencePipeline.java:195)
	at java.base/java.util.Spliterators$ArraySpliterator.forEachRemaining(Spliterators.java:948)
	at java.base/java.util.stream.AbstractPipeline.copyInto(AbstractPipeline.java:484)
	at java.base/java.util.stream.AbstractPipeline.wrapAndCopyInto(AbstractPipeline.java:474)
	at java.base/java.util.stream.ReduceOps$ReduceOp.evaluateSequential(ReduceOps.java:913)
	at java.base/java.util.stream.AbstractPipeline.evaluate(AbstractPipeline.java:234)
	at java.base/java.util.stream.ReferencePipeline.collect(ReferencePipeline.java:578)
	at org.openqa.selenium.remote.RemoteWebDriver.executeScript(RemoteWebDriver.java:498)
	at com.automation.framework.cucumber.Pages.BasePage.highlight(BasePage.java:58)
	at com.automation.framework.cucumber.Pages.LoginPage.getUserNameTextBox(LoginPage.java:55)
	at com.automation.framework.cucumber.stepdefinations.SignInTest.i_have_opened_the_application(SignInTest.java:22)
	at ✽.I have opened the application(file:///D:/Dinesh/CucumberFramwork/CucumberFramework/src/test/java/com/automation/framework/cucumber/feature/SignIn.feature:4)
</textarea>
      
      </div>
              </div>
              <div class="step skip-bg" title="com.automation.framework.cucumber.stepdefinations.SignInTest.click_login_button_after_entering_the_username()">
                <span>When Click Login button after entering the username</span>
      <div>Step skipped
      </div>
              </div>
              <div class="step skip-bg" title="com.automation.framework.cucumber.stepdefinations.SignInTest.we_need_to_get_the_error_message(java.lang.String)">
                <span>Then We need to get the 'Error: The password field is empty.' error message</span>
      <div>Step skipped
      </div>
              </div>
          </div>
        </div>
  </div>
  <div class="card">
    <div class="card-header" role="tab">
      <div class="card-title">
        <div class="node" id="72"><span class="badge log fail-bg mr-2">Fail</span>Testing the Login Page by passing the valid username and invalid password</div>
      </div>
    </div>
        <div class="">
          <div class="card-body">
              <div class="step fail-bg" title="com.automation.framework.cucumber.stepdefinations.SignInTest.i_have_opened_the_application()">
                <span>Given I have opened the application</span>
      <div>
        <textarea disabled class="code-block">org.openqa.selenium.NoSuchElementException: no such element: Unable to locate element: {"method":"xpath","selector":"//input[@id='username']"}
  (Session info: chrome=101.0.4951.67)
For documentation on this error, please visit: https://selenium.dev/exceptions/#no_such_element
Build info: version: '4.1.4', revision: '535d840ee2'
System info: host: 'HOMEDELL', ip: '192.168.1.12', os.name: 'Windows 10', os.arch: 'amd64', os.version: '10.0', java.version: '11.0.13'
Driver info: org.openqa.selenium.chrome.ChromeDriver
Command: [4cc6aecc4f9bf9a753f48e38562952dd, findElement {using=xpath, value=//input[@id='username']}]
Capabilities {acceptInsecureCerts: false, browserName: chrome, browserVersion: 101.0.4951.67, chrome: {chromedriverVersion: 101.0.4951.41 (93c720db8323..., userDataDir: C:\Users\chekr\AppData\Loca...}, goog:chromeOptions: {debuggerAddress: localhost:64978}, javascriptEnabled: true, networkConnectionEnabled: false, pageLoadStrategy: normal, platform: WINDOWS, platformName: WINDOWS, proxy: Proxy(), se:cdp: ws://localhost:64978/devtoo..., se:cdpVersion: 101.0.4951.67, setWindowRect: true, strictFileInteractability: false, timeouts: {implicit: 0, pageLoad: 300000, script: 30000}, unhandledPromptBehavior: dismiss and notify, webauthn:extension:credBlob: true, webauthn:extension:largeBlob: true, webauthn:virtualAuthenticators: true}
Session ID: 4cc6aecc4f9bf9a753f48e38562952dd
	at java.base/jdk.internal.reflect.NativeConstructorAccessorImpl.newInstance0(Native Method)
	at java.base/jdk.internal.reflect.NativeConstructorAccessorImpl.newInstance(NativeConstructorAccessorImpl.java:62)
	at java.base/jdk.internal.reflect.DelegatingConstructorAccessorImpl.newInstance(DelegatingConstructorAccessorImpl.java:45)
	at java.base/java.lang.reflect.Constructor.newInstance(Constructor.java:490)
	at org.openqa.selenium.remote.codec.w3c.W3CHttpResponseCodec.createException(W3CHttpResponseCodec.java:200)
	at org.openqa.selenium.remote.codec.w3c.W3CHttpResponseCodec.decode(W3CHttpResponseCodec.java:133)
	at org.openqa.selenium.remote.codec.w3c.W3CHttpResponseCodec.decode(W3CHttpResponseCodec.java:53)
	at org.openqa.selenium.remote.HttpCommandExecutor.execute(HttpCommandExecutor.java:184)
	at org.openqa.selenium.remote.service.DriverCommandExecutor.invokeExecute(DriverCommandExecutor.java:167)
	at org.openqa.selenium.remote.service.DriverCommandExecutor.execute(DriverCommandExecutor.java:142)
	at org.openqa.selenium.remote.RemoteWebDriver.execute(RemoteWebDriver.java:567)
	at org.openqa.selenium.remote.ElementLocation$ElementFinder$2.findElement(ElementLocation.java:162)
	at org.openqa.selenium.remote.ElementLocation.findElement(ElementLocation.java:60)
	at org.openqa.selenium.remote.RemoteWebDriver.findElement(RemoteWebDriver.java:385)
	at org.openqa.selenium.remote.RemoteWebDriver.findElement(RemoteWebDriver.java:377)
	at org.openqa.selenium.support.pagefactory.DefaultElementLocator.findElement(DefaultElementLocator.java:70)
	at org.openqa.selenium.support.pagefactory.internal.LocatingElementHandler.invoke(LocatingElementHandler.java:39)
	at com.sun.proxy.$Proxy30.getWrappedElement(Unknown Source)
	at org.openqa.selenium.remote.internal.WebElementToJsonConverter.apply(WebElementToJsonConverter.java:51)
	at java.base/java.util.stream.ReferencePipeline$3$1.accept(ReferencePipeline.java:195)
	at java.base/java.util.Spliterators$ArraySpliterator.forEachRemaining(Spliterators.java:948)
	at java.base/java.util.stream.AbstractPipeline.copyInto(AbstractPipeline.java:484)
	at java.base/java.util.stream.AbstractPipeline.wrapAndCopyInto(AbstractPipeline.java:474)
	at java.base/java.util.stream.ReduceOps$ReduceOp.evaluateSequential(ReduceOps.java:913)
	at java.base/java.util.stream.AbstractPipeline.evaluate(AbstractPipeline.java:234)
	at java.base/java.util.stream.ReferencePipeline.collect(ReferencePipeline.java:578)
	at org.openqa.selenium.remote.RemoteWebDriver.executeScript(RemoteWebDriver.java:498)
	at com.automation.framework.cucumber.Pages.BasePage.highlight(BasePage.java:58)
	at com.automation.framework.cucumber.Pages.LoginPage.getUserNameTextBox(LoginPage.java:55)
	at com.automation.framework.cucumber.stepdefinations.SignInTest.i_have_opened_the_application(SignInTest.java:22)
	at ✽.I have opened the application(file:///D:/Dinesh/CucumberFramwork/CucumberFramework/src/test/java/com/automation/framework/cucumber/feature/SignIn.feature:4)
</textarea>
      
      </div>
              </div>
              <div class="step skip-bg" title="com.automation.framework.cucumber.stepdefinations.SignInTest.click_login_button_after_entering_the_username_and_invalid_password()">
                <span>When Click Login button after entering the username and invalid password</span>
      <div>Step skipped
      </div>
              </div>
              <div class="step skip-bg" title="com.automation.framework.cucumber.stepdefinations.SignInTest.we_need_to_get_the_partial_error_message_as(java.lang.String)">
                <span>Then We need to get the partial error message as 'Error: The password you entered for the username'</span>
      <div>Step skipped
      </div>
              </div>
          </div>
        </div>
  </div>
  <div class="card">
    <div class="card-header" role="tab">
      <div class="card-title">
        <div class="node" id="78"><span class="badge log fail-bg mr-2">Fail</span>Testing the Login Page with Valid Credentials</div>
      </div>
    </div>
        <div class="">
          <div class="card-body">
              <div class="step fail-bg" title="com.automation.framework.cucumber.stepdefinations.SignInTest.i_have_opened_the_application()">
                <span>Given I have opened the application</span>
      <div>
        <textarea disabled class="code-block">org.openqa.selenium.NoSuchElementException: no such element: Unable to locate element: {"method":"xpath","selector":"//input[@id='username']"}
  (Session info: chrome=101.0.4951.67)
For documentation on this error, please visit: https://selenium.dev/exceptions/#no_such_element
Build info: version: '4.1.4', revision: '535d840ee2'
System info: host: 'HOMEDELL', ip: '192.168.1.12', os.name: 'Windows 10', os.arch: 'amd64', os.version: '10.0', java.version: '11.0.13'
Driver info: org.openqa.selenium.chrome.ChromeDriver
Command: [4cc6aecc4f9bf9a753f48e38562952dd, findElement {using=xpath, value=//input[@id='username']}]
Capabilities {acceptInsecureCerts: false, browserName: chrome, browserVersion: 101.0.4951.67, chrome: {chromedriverVersion: 101.0.4951.41 (93c720db8323..., userDataDir: C:\Users\chekr\AppData\Loca...}, goog:chromeOptions: {debuggerAddress: localhost:64978}, javascriptEnabled: true, networkConnectionEnabled: false, pageLoadStrategy: normal, platform: WINDOWS, platformName: WINDOWS, proxy: Proxy(), se:cdp: ws://localhost:64978/devtoo..., se:cdpVersion: 101.0.4951.67, setWindowRect: true, strictFileInteractability: false, timeouts: {implicit: 0, pageLoad: 300000, script: 30000}, unhandledPromptBehavior: dismiss and notify, webauthn:extension:credBlob: true, webauthn:extension:largeBlob: true, webauthn:virtualAuthenticators: true}
Session ID: 4cc6aecc4f9bf9a753f48e38562952dd
	at java.base/jdk.internal.reflect.NativeConstructorAccessorImpl.newInstance0(Native Method)
	at java.base/jdk.internal.reflect.NativeConstructorAccessorImpl.newInstance(NativeConstructorAccessorImpl.java:62)
	at java.base/jdk.internal.reflect.DelegatingConstructorAccessorImpl.newInstance(DelegatingConstructorAccessorImpl.java:45)
	at java.base/java.lang.reflect.Constructor.newInstance(Constructor.java:490)
	at org.openqa.selenium.remote.codec.w3c.W3CHttpResponseCodec.createException(W3CHttpResponseCodec.java:200)
	at org.openqa.selenium.remote.codec.w3c.W3CHttpResponseCodec.decode(W3CHttpResponseCodec.java:133)
	at org.openqa.selenium.remote.codec.w3c.W3CHttpResponseCodec.decode(W3CHttpResponseCodec.java:53)
	at org.openqa.selenium.remote.HttpCommandExecutor.execute(HttpCommandExecutor.java:184)
	at org.openqa.selenium.remote.service.DriverCommandExecutor.invokeExecute(DriverCommandExecutor.java:167)
	at org.openqa.selenium.remote.service.DriverCommandExecutor.execute(DriverCommandExecutor.java:142)
	at org.openqa.selenium.remote.RemoteWebDriver.execute(RemoteWebDriver.java:567)
	at org.openqa.selenium.remote.ElementLocation$ElementFinder$2.findElement(ElementLocation.java:162)
	at org.openqa.selenium.remote.ElementLocation.findElement(ElementLocation.java:60)
	at org.openqa.selenium.remote.RemoteWebDriver.findElement(RemoteWebDriver.java:385)
	at org.openqa.selenium.remote.RemoteWebDriver.findElement(RemoteWebDriver.java:377)
	at org.openqa.selenium.support.pagefactory.DefaultElementLocator.findElement(DefaultElementLocator.java:70)
	at org.openqa.selenium.support.pagefactory.internal.LocatingElementHandler.invoke(LocatingElementHandler.java:39)
	at com.sun.proxy.$Proxy30.getWrappedElement(Unknown Source)
	at org.openqa.selenium.remote.internal.WebElementToJsonConverter.apply(WebElementToJsonConverter.java:51)
	at java.base/java.util.stream.ReferencePipeline$3$1.accept(ReferencePipeline.java:195)
	at java.base/java.util.Spliterators$ArraySpliterator.forEachRemaining(Spliterators.java:948)
	at java.base/java.util.stream.AbstractPipeline.copyInto(AbstractPipeline.java:484)
	at java.base/java.util.stream.AbstractPipeline.wrapAndCopyInto(AbstractPipeline.java:474)
	at java.base/java.util.stream.ReduceOps$ReduceOp.evaluateSequential(ReduceOps.java:913)
	at java.base/java.util.stream.AbstractPipeline.evaluate(AbstractPipeline.java:234)
	at java.base/java.util.stream.ReferencePipeline.collect(ReferencePipeline.java:578)
	at org.openqa.selenium.remote.RemoteWebDriver.executeScript(RemoteWebDriver.java:498)
	at com.automation.framework.cucumber.Pages.BasePage.highlight(BasePage.java:58)
	at com.automation.framework.cucumber.Pages.LoginPage.getUserNameTextBox(LoginPage.java:55)
	at com.automation.framework.cucumber.stepdefinations.SignInTest.i_have_opened_the_application(SignInTest.java:22)
	at ✽.I have opened the application(file:///D:/Dinesh/CucumberFramwork/CucumberFramework/src/test/java/com/automation/framework/cucumber/feature/SignIn.feature:4)
</textarea>
      
      </div>
              </div>
              <div class="step skip-bg" title="com.automation.framework.cucumber.stepdefinations.SignInTest.login_with_the_valid_user()">
                <span>Then Login with the valid user</span>
      <div>Step skipped
      </div>
              </div>
              <div class="step skip-bg" title="com.automation.framework.cucumber.stepdefinations.SignInTest.make_sure_the_login_happens()">
                <span>And make Sure the login happens</span>
      <div>Step skipped
      </div>
              </div>
          </div>
        </div>
  </div>
</div>
          </div>
        </li>
        <li class="test-item"  status="fail" test-id="84"
          author=""
          tag=""
          device="">
          <div class="test-detail">
            <p class="name">Testing the Search and filter feature</p>
            <p class="text-sm">
              <span>5:59:20 PM</span> / <span>00:00:07:936</span>
              <span class="badge fail-bg log float-right">Fail</span>
            </p>
          </div>
          <div class="test-contents d-none">
<div class="detail-head">
<div class="p-v-10">
<div class="info">
<h5 class="test-status text-fail">Testing the Search and filter feature</h5>
<span class='badge badge-success'>05.18.2022 5:59:20 PM</span>
<span class='badge badge-danger'>05.18.2022 5:59:28 PM</span>
<span class='badge badge-default'>00:00:07:936</span>
&middot; <span class='uri-anchor badge badge-default'>#test-id=84</span>
<span class='badge badge-default pointer float-right ml-1 et'><i class="fa fa-chevron-down"></i></span>
<span class='badge badge-default pointer float-right ct'><i class="fa fa-chevron-up"></i></span>
</div>
<div class="m-t-10 m-l-5"></div>
</div>
</div>
<div class="accordion mt-4">
  <div class="card">
    <div class="card-header" role="tab">
      <div class="card-title">
        <div class="node" id="85"><span class="badge log fail-bg mr-2">Fail</span>Testing the search feature</div>
      </div>
    </div>
        <div class="">
          <div class="card-body">
              <div class="step pass-bg" title="com.automation.framework.cucumber.stepdefinations.StorePageTest.after_opening_the_application_click_on_the_store_tab_menu()">
                <span>Given After opening the application click on the store tab menu</span>
      <div>
      </div>
              </div>
              <div class="step pass-bg" title="com.automation.framework.cucumber.stepdefinations.StorePageTest.search_for(java.lang.String)">
                <span>When Search for "Shoes"</span>
      <div>
      </div>
              </div>
              <div class="step fail-bg" title="com.automation.framework.cucumber.stepdefinations.StorePageTest.search_result_should_return(java.lang.String)">
                <span>Then Search result should return "Shoes"</span>
      <div>
        <textarea disabled class="code-block">java.lang.ClassCastException: class java.util.ArrayList cannot be cast to class org.openqa.selenium.WebElement (java.util.ArrayList is in module java.base of loader 'bootstrap'; org.openqa.selenium.WebElement is in unnamed module of loader 'app')
	at com.automation.framework.cucumber.Pages.StorePage.getAllProductNames(StorePage.java:118)
	at com.automation.framework.cucumber.stepdefinations.StorePageTest.search_result_should_return(StorePageTest.java:75)
	at ✽.Search result should return "Shoes"(file:///D:/Dinesh/CucumberFramwork/CucumberFramework/src/test/java/com/automation/framework/cucumber/feature/Store.feature:9)
</textarea>
      
      </div>
              </div>
          </div>
        </div>
  </div>
  <div class="card">
    <div class="card-header" role="tab">
      <div class="card-title">
        <div class="node" id="91"><span class="badge log fail-bg mr-2">Fail</span>Testing the Filter category dropdown</div>
      </div>
    </div>
        <div class="">
          <div class="card-body">
              <div class="step pass-bg" title="com.automation.framework.cucumber.stepdefinations.StorePageTest.after_opening_the_application_click_on_the_store_tab_menu()">
                <span>Given After opening the application click on the store tab menu</span>
      <div>
      </div>
              </div>
              <div class="step fail-bg" title="com.automation.framework.cucumber.stepdefinations.StorePageTest.browse_by_categories_select(java.lang.String)">
                <span>When Browse by Categories select "Men "</span>
      <div>
        <textarea disabled class="code-block">java.lang.ClassCastException: class org.openqa.selenium.support.ui.Select cannot be cast to class org.openqa.selenium.WebElement (org.openqa.selenium.support.ui.Select and org.openqa.selenium.WebElement are in unnamed module of loader 'app')
	at com.automation.framework.cucumber.Pages.StorePage.getAllOptionsFromDropDown(StorePage.java:52)
	at com.automation.framework.cucumber.stepdefinations.StorePageTest.browse_by_categories_select(StorePageTest.java:26)
	at ✽.Browse by Categories select "Men "(file:///D:/Dinesh/CucumberFramwork/CucumberFramework/src/test/java/com/automation/framework/cucumber/feature/Store.feature:13)
</textarea>
      
      </div>
              </div>
              <div class="step skip-bg" title="com.automation.framework.cucumber.stepdefinations.StorePageTest.all_the_items_displays_should_be_of_men(java.lang.String)">
                <span>Then All the items displays should be of "Men"</span>
      <div>Step skipped
      </div>
              </div>
          </div>
        </div>
  </div>
  <div class="card">
    <div class="card-header" role="tab">
      <div class="card-title">
        <div class="node" id="97"><span class="badge log fail-bg mr-2">Fail</span>Testing the Filter price side bar</div>
      </div>
    </div>
        <div class="">
          <div class="card-body">
              <div class="step pass-bg" title="com.automation.framework.cucumber.stepdefinations.StorePageTest.after_opening_the_application_click_on_the_store_tab_menu()">
                <span>Given After opening the application click on the store tab menu</span>
      <div>
      </div>
              </div>
              <div class="step pass-bg" title="com.automation.framework.cucumber.stepdefinations.StorePageTest.adjust_the_filter_to_certain_price()">
                <span>When Adjust the filter to certain price</span>
      <div>
      </div>
              </div>
              <div class="step fail-bg" title="com.automation.framework.cucumber.stepdefinations.StorePageTest.results_should_not_be_greater_than_the_max_price_filter()">
                <span>Then results should not be greater than the max price filter</span>
      <div>
        <textarea disabled class="code-block">java.lang.ClassCastException: class java.util.ArrayList cannot be cast to class org.openqa.selenium.WebElement (java.util.ArrayList is in module java.base of loader 'bootstrap'; org.openqa.selenium.WebElement is in unnamed module of loader 'app')
	at com.automation.framework.cucumber.Pages.StorePage.getAllProductPrice(StorePage.java:102)
	at com.automation.framework.cucumber.stepdefinations.StorePageTest.results_should_not_be_greater_than_the_max_price_filter(StorePageTest.java:55)
	at ✽.results should not be greater than the max price filter(file:///D:/Dinesh/CucumberFramwork/CucumberFramework/src/test/java/com/automation/framework/cucumber/feature/Store.feature:19)
</textarea>
      
      </div>
              </div>
          </div>
        </div>
  </div>
  <div class="card">
    <div class="card-header" role="tab">
      <div class="card-title">
        <div class="node" id="103"><span class="badge log fail-bg mr-2">Fail</span>Testing the Shopping cart and Add to cart option</div>
      </div>
    </div>
        <div class="">
          <div class="card-body">
              <div class="step pass-bg" title="com.automation.framework.cucumber.stepdefinations.StorePageTest.after_opening_the_application_click_on_the_store_tab_menu()">
                <span>Given After opening the application click on the store tab menu</span>
      <div>
      </div>
              </div>
              <div class="step pass-bg" title="com.automation.framework.cucumber.stepdefinations.StorePageTest.open_the_application_and_select_the_mens_section()">
                <span>Given Open the Application  and select the Mens section</span>
      <div>
      </div>
              </div>
              <div class="step pass-bg" title="com.automation.framework.cucumber.stepdefinations.StorePageTest.selecting_the_basic_blue_jeans_in_the_mens_section()">
                <span>When Selecting the Basic Blue Jeans in the mens section</span>
      <div>
      </div>
              </div>
              <div class="step fail-bg" title="com.automation.framework.cucumber.stepdefinations.StorePageTest.item_is_added_to_the_shopping_cart(int)">
                <span>Then 1 item is added to the Shopping cart</span>
      <div>
        <textarea disabled class="code-block">java.lang.AssertionError: expected [1] but found [11]
	at org.testng.Assert.fail(Assert.java:110)
	at org.testng.Assert.failNotEquals(Assert.java:1413)
	at org.testng.Assert.assertEqualsImpl(Assert.java:149)
	at org.testng.Assert.assertEquals(Assert.java:131)
	at org.testng.Assert.assertEquals(Assert.java:1240)
	at org.testng.Assert.assertEquals(Assert.java:1274)
	at com.automation.framework.cucumber.stepdefinations.StorePageTest.item_is_added_to_the_shopping_cart(StorePageTest.java:98)
	at ✽.1 item is added to the Shopping cart(file:///D:/Dinesh/CucumberFramwork/CucumberFramework/src/test/java/com/automation/framework/cucumber/feature/Store.feature:25)
</textarea>
      
      </div>
              </div>
          </div>
        </div>
  </div>
</div>
          </div>
        </li>
      </ul>
    </div>
  </div>
<div class="test-content scrollable">
<div class="test-content-tools">
<ul><li><a class="back-to-test" href="#"><i class="fa fa-arrow-left"></i></a></li></ul>
</div>
<div class="test-content-detail"><div class="detail-body"></div></div>
</div></div>
<div class="test-wrapper row view exception-view attributes-view">
<div class="test-list">
<div class="test-list-tools">
<ul class="tools pull-left"><li><a href=""><span class="font-size-14">Exception</span></a></li></ul>
<ul class="tools text-right"><li><a href="#"><span class="badge badge-primary">3</span></a></li></ul>
</div>
<div class="test-list-wrapper scrollable">
<ul class="test-list-item">
<li class="test-item">
<div class="test-detail">
<span class="meta">
<span class='badge log badge-danger'>4</span>
</span>
<p class="name">org.openqa.selenium.NoSuchElementException</p>
<p class="duration text-sm">4 tests</p>
</div>
<div class="test-contents d-none">
<div class="info">
<h4>org.openqa.selenium.NoSuchElementException</h4>
<span status="fail" class='badge log badge-danger'>4 failed</span>
</div>
<table class='table table-sm mt-4'>
<thead>
<tr>
<th class="status-col">Status</th>
<th class="timestamp-col">Timestamp</th>
<th>TestName</th>
</tr>
</thead>
<tbody>
<tr class="tag-test-status" status="fail">
<td><span class="badge log fail-bg">Fail</span></td>
<td>17:59:17 PM</td>
<td>
<a href="#" class="linked" test-id='59' id='62'>Given I have opened the application</a>
<div class="">
<span class="badge badge-default">Testing the Login Page.Testing the Login Page without passing credentials.Given I have opened the application</span>
</div>
</td>
</tr>
<tr class="tag-test-status" status="fail">
<td><span class="badge log fail-bg">Fail</span></td>
<td>17:59:17 PM</td>
<td>
<a href="#" class="linked" test-id='59' id='68'>Given I have opened the application</a>
<div class="">
<span class="badge badge-default">Testing the Login Page.Testing the Login Page by passing the valid username and empty password.Given I have opened the application</span>
</div>
</td>
</tr>
<tr class="tag-test-status" status="fail">
<td><span class="badge log fail-bg">Fail</span></td>
<td>17:59:18 PM</td>
<td>
<a href="#" class="linked" test-id='59' id='74'>Given I have opened the application</a>
<div class="">
<span class="badge badge-default">Testing the Login Page.Testing the Login Page by passing the valid username and invalid password.Given I have opened the application</span>
</div>
</td>
</tr>
<tr class="tag-test-status" status="fail">
<td><span class="badge log fail-bg">Fail</span></td>
<td>17:59:19 PM</td>
<td>
<a href="#" class="linked" test-id='59' id='80'>Given I have opened the application</a>
<div class="">
<span class="badge badge-default">Testing the Login Page.Testing the Login Page with Valid Credentials.Given I have opened the application</span>
</div>
</td>
</tr>
</tbody>
</table>
</div>
</li>
<li class="test-item">
<div class="test-detail">
<span class="meta">
<span class='badge log badge-danger'>3</span>
</span>
<p class="name">java.lang.ClassCastException</p>
<p class="duration text-sm">3 tests</p>
</div>
<div class="test-contents d-none">
<div class="info">
<h4>java.lang.ClassCastException</h4>
<span status="fail" class='badge log badge-danger'>3 failed</span>
</div>
<table class='table table-sm mt-4'>
<thead>
<tr>
<th class="status-col">Status</th>
<th class="timestamp-col">Timestamp</th>
<th>TestName</th>
</tr>
</thead>
<tbody>
<tr class="tag-test-status" status="fail">
<td><span class="badge log fail-bg">Fail</span></td>
<td>17:59:21 PM</td>
<td>
<a href="#" class="linked" test-id='84' id='89'>Then Search result should return "Shoes"</a>
<div class="">
<span class="badge badge-default">Testing the Search and filter feature.Testing the search feature.Then Search result should return "Shoes"</span>
</div>
</td>
</tr>
<tr class="tag-test-status" status="fail">
<td><span class="badge log fail-bg">Fail</span></td>
<td>17:59:22 PM</td>
<td>
<a href="#" class="linked" test-id='84' id='94'>When Browse by Categories select "Men "</a>
<div class="">
<span class="badge badge-default">Testing the Search and filter feature.Testing the Filter category dropdown.When Browse by Categories select "Men "</span>
</div>
</td>
</tr>
<tr class="tag-test-status" status="fail">
<td><span class="badge log fail-bg">Fail</span></td>
<td>17:59:24 PM</td>
<td>
<a href="#" class="linked" test-id='84' id='101'>Then results should not be greater than the max price filter</a>
<div class="">
<span class="badge badge-default">Testing the Search and filter feature.Testing the Filter price side bar.Then results should not be greater than the max price filter</span>
</div>
</td>
</tr>
</tbody>
</table>
</div>
</li>
<li class="test-item">
<div class="test-detail">
<span class="meta">
<span class='badge log badge-danger'>2</span>
</span>
<p class="name">java.lang.AssertionError</p>
<p class="duration text-sm">2 tests</p>
</div>
<div class="test-contents d-none">
<div class="info">
<h4>java.lang.AssertionError</h4>
<span status="fail" class='badge log badge-danger'>2 failed</span>
</div>
<table class='table table-sm mt-4'>
<thead>
<tr>
<th class="status-col">Status</th>
<th class="timestamp-col">Timestamp</th>
<th>TestName</th>
</tr>
</thead>
<tbody>
<tr class="tag-test-status" status="fail">
<td><span class="badge log fail-bg">Fail</span></td>
<td>17:59:15 PM</td>
<td>
<a href="#" class="linked" test-id='10' id='57'>Then An Hello Message should display after successful registration in Account Dashboard page</a>
<div class="">
<span class="badge badge-default">Testing the Registration Page.Make a user Registration with new username and new registered email id.Then An Hello Message should display after successful registration in Account Dashboard page</span>
</div>
</td>
</tr>
<tr class="tag-test-status" status="fail">
<td><span class="badge log fail-bg">Fail</span></td>
<td>17:59:28 PM</td>
<td>
<a href="#" class="linked" test-id='84' id='108'>Then 1 item is added to the Shopping cart</a>
<div class="">
<span class="badge badge-default">Testing the Search and filter feature.Testing the Shopping cart and Add to cart option.Then 1 item is added to the Shopping cart</span>
</div>
</td>
</tr>
</tbody>
</table>
</div>
</li>
</ul>
</div>
</div>
<div class="test-content scrollable">
<div class="test-content-detail">
<div class="detail-body"></div>
</div>
</div>
</div><div class="test-wrapper row view category-view attributes-view">
<div class="test-list">
<div class="test-list-tools">
<ul class="tools pull-left"><li><a href=""><span class="font-size-14">Category</span></a></li></ul>
<ul class="tools text-right"><li><a href="#"><span class="badge badge-primary">3</span></a></li></ul>
</div>
<div class="test-list-wrapper scrollable">
<ul class="test-list-item">
<li class="test-item">
<div class="test-detail">
<span class="meta">
<span class='badge log badge-danger'>1</span>
</span>
<p class="name">@build</p>
<p class="duration text-sm">1 tests</p>
</div>
<div class="test-contents d-none">
<div class="info">
<h4>@build</h4>
<span status="fail" class='badge log badge-danger'>1 failed</span>
</div>
<table class='table table-sm mt-4'>
<thead>
<tr>
<th class="status-col">Status</th>
<th class="timestamp-col">Timestamp</th>
<th>TestName</th>
</tr>
</thead>
<tbody>
<tr class="tag-test-status" status="fail">
<td><span class="badge log fail-bg">Fail</span></td>
<td>17:59:10 PM</td>
<td>
<a href="#" class="linked" test-id='10' id='53'>Make a user Registration with new username and new registered email id</a>
<div class="">
<span class="badge badge-default">Testing the Registration Page.Make a user Registration with new username and new registered email id</span>
</div>
</td>
</tr>
</tbody>
</table>
</div>
</li>
<li class="test-item">
<div class="test-detail">
<span class="meta">
<span class='badge log pass-bg'>12</span>
<span class='badge log badge-danger'>3</span>
</span>
<p class="name">@NegativeTest</p>
<p class="duration text-sm">15 tests</p>
</div>
<div class="test-contents d-none">
<div class="info">
<h4>@NegativeTest</h4>
<span status="pass" class='badge log pass-bg'>12 passed</span>
<span status="fail" class='badge log badge-danger'>3 failed</span>
</div>
<table class='table table-sm mt-4'>
<thead>
<tr>
<th class="status-col">Status</th>
<th class="timestamp-col">Timestamp</th>
<th>TestName</th>
</tr>
</thead>
<tbody>
<tr class="tag-test-status" status="pass">
<td><span class="badge log pass-bg">Pass</span></td>
<td>17:58:52 PM</td>
<td>
<a href="#" class="linked" test-id='10' id='11'>Make a user Registration page without entering the values</a>
<div class="">
<span class="badge badge-default">Testing the Registration Page.Make a user Registration page without entering the values</span>
</div>
</td>
</tr>
<tr class="tag-test-status" status="pass">
<td><span class="badge log pass-bg">Pass</span></td>
<td>17:58:52 PM</td>
<td>
<a href="#" class="linked" test-id='10' id='12'>Make a user Registration page without entering the values</a>
<div class="">
<span class="badge badge-default">Testing the Registration Page.Make a user Registration page without entering the values</span>
</div>
</td>
</tr>
<tr class="tag-test-status" status="pass">
<td><span class="badge log pass-bg">Pass</span></td>
<td>17:58:54 PM</td>
<td>
<a href="#" class="linked" test-id='10' id='18'>Make a user Registration by entering just username</a>
<div class="">
<span class="badge badge-default">Testing the Registration Page.Make a user Registration by entering just username</span>
</div>
</td>
</tr>
<tr class="tag-test-status" status="pass">
<td><span class="badge log pass-bg">Pass</span></td>
<td>17:58:54 PM</td>
<td>
<a href="#" class="linked" test-id='10' id='19'>Make a user Registration by entering just username</a>
<div class="">
<span class="badge badge-default">Testing the Registration Page.Make a user Registration by entering just username</span>
</div>
</td>
</tr>
<tr class="tag-test-status" status="pass">
<td><span class="badge log pass-bg">Pass</span></td>
<td>17:58:57 PM</td>
<td>
<a href="#" class="linked" test-id='10' id='25'>Make a user Registration by entering just emailAddress</a>
<div class="">
<span class="badge badge-default">Testing the Registration Page.Make a user Registration by entering just emailAddress</span>
</div>
</td>
</tr>
<tr class="tag-test-status" status="pass">
<td><span class="badge log pass-bg">Pass</span></td>
<td>17:58:57 PM</td>
<td>
<a href="#" class="linked" test-id='10' id='26'>Make a user Registration by entering just emailAddress</a>
<div class="">
<span class="badge badge-default">Testing the Registration Page.Make a user Registration by entering just emailAddress</span>
</div>
</td>
</tr>
<tr class="tag-test-status" status="pass">
<td><span class="badge log pass-bg">Pass</span></td>
<td>17:58:59 PM</td>
<td>
<a href="#" class="linked" test-id='10' id='32'>Make a user Registration by entering valid emailAddress and valid userName and empty password</a>
<div class="">
<span class="badge badge-default">Testing the Registration Page.Make a user Registration by entering valid emailAddress and valid userName and empty password</span>
</div>
</td>
</tr>
<tr class="tag-test-status" status="pass">
<td><span class="badge log pass-bg">Pass</span></td>
<td>17:58:59 PM</td>
<td>
<a href="#" class="linked" test-id='10' id='33'>Make a user Registration by entering valid emailAddress and valid userName and empty password</a>
<div class="">
<span class="badge badge-default">Testing the Registration Page.Make a user Registration by entering valid emailAddress and valid userName and empty password</span>
</div>
</td>
</tr>
<tr class="tag-test-status" status="pass">
<td><span class="badge log pass-bg">Pass</span></td>
<td>17:59:03 PM</td>
<td>
<a href="#" class="linked" test-id='10' id='39'>Make a user Registration with existing username and unregistered email id</a>
<div class="">
<span class="badge badge-default">Testing the Registration Page.Make a user Registration with existing username and unregistered email id</span>
</div>
</td>
</tr>
<tr class="tag-test-status" status="pass">
<td><span class="badge log pass-bg">Pass</span></td>
<td>17:59:03 PM</td>
<td>
<a href="#" class="linked" test-id='10' id='40'>Make a user Registration with existing username and unregistered email id</a>
<div class="">
<span class="badge badge-default">Testing the Registration Page.Make a user Registration with existing username and unregistered email id</span>
</div>
</td>
</tr>
<tr class="tag-test-status" status="pass">
<td><span class="badge log pass-bg">Pass</span></td>
<td>17:59:07 PM</td>
<td>
<a href="#" class="linked" test-id='10' id='46'>Make a user Registration with new username and already registered email id</a>
<div class="">
<span class="badge badge-default">Testing the Registration Page.Make a user Registration with new username and already registered email id</span>
</div>
</td>
</tr>
<tr class="tag-test-status" status="pass">
<td><span class="badge log pass-bg">Pass</span></td>
<td>17:59:07 PM</td>
<td>
<a href="#" class="linked" test-id='10' id='47'>Make a user Registration with new username and already registered email id</a>
<div class="">
<span class="badge badge-default">Testing the Registration Page.Make a user Registration with new username and already registered email id</span>
</div>
</td>
</tr>
<tr class="tag-test-status" status="fail">
<td><span class="badge log fail-bg">Fail</span></td>
<td>17:59:17 PM</td>
<td>
<a href="#" class="linked" test-id='59' id='60'>Testing the Login Page without passing credentials</a>
<div class="">
<span class="badge badge-default">Testing the Login Page.Testing the Login Page without passing credentials</span>
</div>
</td>
</tr>
<tr class="tag-test-status" status="fail">
<td><span class="badge log fail-bg">Fail</span></td>
<td>17:59:17 PM</td>
<td>
<a href="#" class="linked" test-id='59' id='66'>Testing the Login Page by passing the valid username and empty password</a>
<div class="">
<span class="badge badge-default">Testing the Login Page.Testing the Login Page by passing the valid username and empty password</span>
</div>
</td>
</tr>
<tr class="tag-test-status" status="fail">
<td><span class="badge log fail-bg">Fail</span></td>
<td>17:59:18 PM</td>
<td>
<a href="#" class="linked" test-id='59' id='72'>Testing the Login Page by passing the valid username and invalid password</a>
<div class="">
<span class="badge badge-default">Testing the Login Page.Testing the Login Page by passing the valid username and invalid password</span>
</div>
</td>
</tr>
</tbody>
</table>
</div>
</li>
<li class="test-item">
<div class="test-detail">
<span class="meta">
<span class='badge log pass-bg'>2</span>
<span class='badge log badge-danger'>5</span>
</span>
<p class="name">@PositiveTest</p>
<p class="duration text-sm">7 tests</p>
</div>
<div class="test-contents d-none">
<div class="info">
<h4>@PositiveTest</h4>
<span status="pass" class='badge log pass-bg'>2 passed</span>
<span status="fail" class='badge log badge-danger'>5 failed</span>
</div>
<table class='table table-sm mt-4'>
<thead>
<tr>
<th class="status-col">Status</th>
<th class="timestamp-col">Timestamp</th>
<th>TestName</th>
</tr>
</thead>
<tbody>
<tr class="tag-test-status" status="pass">
<td><span class="badge log pass-bg">Pass</span></td>
<td>17:58:27 PM</td>
<td>
<a href="#" class="linked" test-id='1' id='2'>Testing the Shopping cart and Add to cart option</a>
<div class="">
<span class="badge badge-default">Testing the Checkout Feature.Testing the Shopping cart and Add to cart option</span>
</div>
</td>
</tr>
<tr class="tag-test-status" status="pass">
<td><span class="badge log pass-bg">Pass</span></td>
<td>17:58:27 PM</td>
<td>
<a href="#" class="linked" test-id='1' id='3'>Testing the Shopping cart and Add to cart option</a>
<div class="">
<span class="badge badge-default">Testing the Checkout Feature.Testing the Shopping cart and Add to cart option</span>
</div>
</td>
</tr>
<tr class="tag-test-status" status="fail">
<td><span class="badge log fail-bg">Fail</span></td>
<td>17:59:19 PM</td>
<td>
<a href="#" class="linked" test-id='59' id='78'>Testing the Login Page with Valid Credentials</a>
<div class="">
<span class="badge badge-default">Testing the Login Page.Testing the Login Page with Valid Credentials</span>
</div>
</td>
</tr>
<tr class="tag-test-status" status="fail">
<td><span class="badge log fail-bg">Fail</span></td>
<td>17:59:20 PM</td>
<td>
<a href="#" class="linked" test-id='84' id='85'>Testing the search feature</a>
<div class="">
<span class="badge badge-default">Testing the Search and filter feature.Testing the search feature</span>
</div>
</td>
</tr>
<tr class="tag-test-status" status="fail">
<td><span class="badge log fail-bg">Fail</span></td>
<td>17:59:22 PM</td>
<td>
<a href="#" class="linked" test-id='84' id='91'>Testing the Filter category dropdown</a>
<div class="">
<span class="badge badge-default">Testing the Search and filter feature.Testing the Filter category dropdown</span>
</div>
</td>
</tr>
<tr class="tag-test-status" status="fail">
<td><span class="badge log fail-bg">Fail</span></td>
<td>17:59:22 PM</td>
<td>
<a href="#" class="linked" test-id='84' id='97'>Testing the Filter price side bar</a>
<div class="">
<span class="badge badge-default">Testing the Search and filter feature.Testing the Filter price side bar</span>
</div>
</td>
</tr>
<tr class="tag-test-status" status="fail">
<td><span class="badge log fail-bg">Fail</span></td>
<td>17:59:24 PM</td>
<td>
<a href="#" class="linked" test-id='84' id='103'>Testing the Shopping cart and Add to cart option</a>
<div class="">
<span class="badge badge-default">Testing the Search and filter feature.Testing the Shopping cart and Add to cart option</span>
</div>
</td>
</tr>
</tbody>
</table>
</div>
</li>
</ul>
</div>
</div>
<div class="test-content scrollable">
<div class="test-content-detail">
<div class="detail-body"></div>
</div>
</div>
</div><div class="container-fluid p-4 view dashboard-view">
<div class="row">
<div class="col-md-3">
<div class="card"><div class="card-body">
<p class="m-b-0">Started</p>
<h3>May 18, 2022 05:58:23 PM</h3>
</div></div>
</div>
<div class="col-md-3">
<div class="card"><div class="card-body">
<p class="m-b-0">Ended</p>
<h3>May 18, 2022 05:59:28 PM</h3>
</div></div>
</div>
<div class="col-md-3">
<div class="card"><div class="card-body">
<p class="m-b-0 text-pass">Features Passed</p>
<h3>1</h3>
</div></div>
</div>
<div class="col-md-3">
<div class="card"><div class="card-body">
<p class="m-b-0 text-fail">Features Failed</p>
<h3>3</h3>
</div></div>
</div>
</div>
<div class="row">
<div class="col-md-4">
<div class="card">
<div class="card-header">
<h6 class="card-title">Features</h6>
</div>
<div class="card-body">
<div class="">
<canvas id='parent-analysis' width='115' height='90'></canvas>
</div>
</div>
<div class="card-footer">
<div><small data-tooltip='25%'>
<b>1</b> features passed
</small>
</div>
<div>
<small data-tooltip='75%'><b>3</b> features failed,
<b>0</b> skipped, <b data-tooltip='0%'>0</b> others
</small>
</div>
</div>
</div>
</div>
<div class="col-md-4">
<div class="card">
<div class="card-header">
<h6 class="card-title">Scenarios</h6>
</div>
<div class="card-body">
<div class="">
<canvas id='child-analysis' width='115' height='90'></canvas>
</div>
</div>
<div class="card-footer">
<div><small data-tooltip='43%'><b>7</b> scenarios passed</small></div>
<div>
<small data-tooltip='56%'><b>9</b> scenarios failed,
<b>0</b> skipped, <b data-tooltip='%'>0</b> others
</small>
</div>
</div>
</div>
</div>
<div class="col-md-4">
<div class="card">
<div class="card-header">
<h6 class="card-title">Steps</h6>
</div>
<div class="card-body">
<div class="">
<canvas id='grandchild-analysis' width='115' height='90'></canvas>
</div>
</div>
<div class="card-footer">
<div><small data-tooltip='64%'><b>32</b> steps passed</small></div>
<div>
<small data-tooltip='18%'><b>9</b> steps failed,
<b>9</b> skipped, <b data-tooltip='%'>0</b> others
</small>
</div>
</div>
</div>
</div>
</div>
<div class="row"><div class="col-md-12">
<div class="card"><div class="card-header"><p>Timeline</p></div>
<div class="card-body pt-0"><div>
<canvas id="timeline" height="120"></canvas>
</div></div>
</div>
</div></div>
<script>
var timeline = {
"Testing the Checkout Feature":24.615,"Testing the Registration Page":24.569,"Testing the Login Page":2.995,"Testing the Search and filter feature":7.936
};
</script>
<div class="row">
<div class="col-lg-6 col-md-12 category-container">
<div class="card">
<div class="card-header"><p>Tags</p></div>
<div class="card-body pb-0 pt-0"><table class="table table-sm table-bordered">
<thead><tr class="bg-gray"><th>Name</th><th>Passed</th><th>Failed</th><th>Skipped</th><th>Others</th><th>Passed %</th></tr></thead><tbody>
<tr>
<td>@build</td>
<td>0</td>
<td>1</td>
<td>0</td>
<td>0</td>
<td>0%</td>
</tr>
<tr>
<td>@NegativeTest</td>
<td>12</td>
<td>3</td>
<td>0</td>
<td>0</td>
<td>80%</td>
</tr>
<tr>
<td>@PositiveTest</td>
<td>2</td>
<td>5</td>
<td>0</td>
<td>0</td>
<td>28.571%</td>
</tr>
</tbody>
</table></div>
</div>
</div>
</div>
</div>
<script>
var statusGroup = {
parentCount: 5,
passParent: 1,
failParent: 3,
warningParent: 0,
skipParent: 0,
childCount: 5,
passChild: 7,
failChild: 9,
warningChild: 0,
skipChild: 0,
infoChild: 0,
grandChildCount: 5,
passGrandChild: 32,
failGrandChild: 9,
warningGrandChild: 0,
skipGrandChild: 9,
infoGrandChild: 0,
eventsCount: 5,
};
</script>        </div>
      </div>
    </div>
  </div>
<script src="https://cdn.jsdelivr.net/gh/extent-framework/extent-github-cdn@d6562a79075e061305ccfdb82f01e5e195e2d307/spark/js/spark-script.js"></script>
<script type="text/javascript"></script></body>
</html>